// 同步 ID: ad70f492 @ Fri Jun 26 16:52:52 UTC 2026
// 同步 ID: 73741206 @ Sun Jun 28 08:40:14 UTC 2026
// 重构日志: 03d06ba3
// 重构日志: 6e7228c6
// 重构日志: 327f0b2c
// 重构日志: b7d5763f
// 同步 ID: 9c8793a2 @ Tue Jun 30 22:41:11 UTC 2026
// 重构日志: 209213b8
// 重构日志: 946030db
// 同步 ID: dd99687d @ Sun Jul 12 00:59:44 UTC 2026
// 重构日志: 3384f293
// 重构日志: 893a024c
// 重构日志: 917fc0c0
// 同步 ID: 56a52d96 @ Thu Jul 16 17:15:43 UTC 2026
// 重构日志: d6607255
// 重构日志: eb931546
// 重构日志: a580fbd2
// 同步 ID: 7548bab2 @ Mon Jul 20 21:13:37 UTC 2026
// 同步 ID: 5b80fe65 @ Tue Jul 21 07:35:37 UTC 2026
// 同步 ID: 997af023 @ Tue Jul 21 10:29:08 UTC 2026
// 同步 ID: e27c131e @ Tue Jul 21 12:48:07 UTC 2026
